0 info it worked if it ends with ok
1 verbose cli [ '/usr/bin/node', '/usr/bin/npm', 'start' ]
2 info using npm@3.5.2
3 info using node@v8.10.0
4 verbose run-script [ 'prestart', 'start', 'poststart' ]
5 info lifecycle CoolSlack@1.0.0~prestart: CoolSlack@1.0.0
6 verbose lifecycle CoolSlack@1.0.0~prestart: unsafe-perm in lifecycle true
7 verbose lifecycle CoolSlack@1.0.0~prestart: PATH: /usr/share/npm/bin/node-gyp-bin:/home/alexey/WebstormProjects/2019_2_CoolCode/node_modules/.bin:/home/alexey/jdk1.8.0_181/bin:/home/alexey/apache-maven-3.3.3/bin:/home/alexey/WebstormProjects/2019_2_CoolCode/node_modules/.bin:/usr/local/sbin:/usr/local/bin:/usr/sbin:/usr/bin:/sbin:/bin:/usr/games:/usr/local/games:/snap/bin:/usr/local/go/bin:/opt/mssql-tools/bin
8 verbose lifecycle CoolSlack@1.0.0~prestart: CWD: /home/alexey/WebstormProjects/2019_2_CoolCode
9 silly lifecycle CoolSlack@1.0.0~prestart: Args: [ '-c', 'webpack-cli' ]
10 silly lifecycle CoolSlack@1.0.0~prestart: Returned: code: 2  signal: null
11 info lifecycle CoolSlack@1.0.0~prestart: Failed to exec prestart script
12 verbose stack Error: CoolSlack@1.0.0 prestart: `webpack-cli`
12 verbose stack Exit status 2
12 verbose stack     at EventEmitter.<anonymous> (/usr/share/npm/lib/utils/lifecycle.js:232:16)
12 verbose stack     at emitTwo (events.js:126:13)
12 verbose stack     at EventEmitter.emit (events.js:214:7)
12 verbose stack     at ChildProcess.<anonymous> (/usr/share/npm/lib/utils/spawn.js:24:14)
12 verbose stack     at emitTwo (events.js:126:13)
12 verbose stack     at ChildProcess.emit (events.js:214:7)
12 verbose stack     at maybeClose (internal/child_process.js:925:16)
12 verbose stack     at Process.ChildProcess._handle.onexit (internal/child_process.js:209:5)
13 verbose pkgid CoolSlack@1.0.0
14 verbose cwd /home/alexey/WebstormProjects/2019_2_CoolCode
15 error Linux 5.0.0-36-generic
16 error argv "/usr/bin/node" "/usr/bin/npm" "start"
17 error node v8.10.0
18 error npm  v3.5.2
19 error code ELIFECYCLE
20 error CoolSlack@1.0.0 prestart: `webpack-cli`
20 error Exit status 2
21 error Failed at the CoolSlack@1.0.0 prestart script 'webpack-cli'.
21 error Make sure you have the latest version of node.js and npm installed.
21 error If you do, this is most likely a problem with the CoolSlack package,
21 error not with npm itself.
21 error Tell the author that this fails on your system:
21 error     webpack-cli
21 error You can get information on how to open an issue for this project with:
21 error     npm bugs CoolSlack
21 error Or if that isn't available, you can get their info via:
21 error     npm owner ls CoolSlack
21 error There is likely additional logging output above.
22 verbose exit [ 1, true ]
